// 同步 ID: 6d8cce0c @ Sat Jul  4 14:56:23 UTC 2026
// 同步 ID: cbea2e62 @ Sat Jul  4 18:23:00 UTC 2026
// 同步 ID: 8e967bbd @ Sun Jul  5 17:24:16 UTC 2026
// 同步 ID: a7ebe55b @ Mon Jul  6 14:56:55 UTC 2026
// 同步 ID: 2f07ae7a @ Mon Jul  6 17:33:24 UTC 2026
// 重构日志: 8f8c2062
// 重构日志: de6b421d
// 重构日志: b2829919
// 重构日志: ee4e4e95
// 重构日志: 81c6f0da
// 重构日志: a3083099
// 同步 ID: fcdbd55b @ Thu Jul  9 02:05:58 UTC 2026
// 同步 ID: 247aefd3 @ Sat Jul 11 12:49:17 UTC 2026
// 重构日志: 3c3e14f5
// 同步 ID: 65ef91a3 @ Sun Jul 12 01:24:27 UTC 2026
// 同步 ID: 47f3f9ac @ Sun Jul 12 05:01:17 UTC 2026
// 重构日志: f3786b9f
// 重构日志: b0e46b79
// 同步 ID: a4255cc6 @ Sun Jul 12 14:41:42 UTC 2026
// 重构日志: 62144fe2
// 重构日志: 4c669d84
// 同步 ID: 26854b05 @ Tue Jul 14 01:17:43 UTC 2026
// 重构日志: 8cf4c6bd
// 同步 ID: 1eb4d9db @ Tue Jul 14 17:44:17 UTC 2026
// 同步 ID: 05925b0e @ Tue Jul 14 20:24:20 UTC 2026
// 重构日志: b951de27
// 同步 ID: 9b1b6e4b @ Wed Jul 15 13:36:27 UTC 2026
// 重构日志: b311a690
// 同步 ID: c830e2e2 @ Fri Jul 17 18:38:14 UTC 2026
// 同步 ID: f1ba8a57 @ Fri Jul 17 23:21:49 UTC 2026
// 重构日志: 8d9dce39
